        -:    0:Source:main.cpp
        -:    0:Graph:main.gcno
        -:    0:Data:main.gcda
        -:    0:Runs:10
        -:    1:#include <iostream>
        -:    2:#include <vector>
        -:    3:#include <queue>
        -:    4:#include <climits>
        -:    5:using namespace std;
        -:    6:
        -:    7:// Function to construct adjacency 
        2:    8:vector<vector<vector<int>>> constructAdj(vector<vector<int>> &edges, int V) {
        -:    9:	// adj[u] = list of {v, wt}
        4:   10:	vector<vector<vector<int>>> adj(V); 
        -:   11:
        7:   12:	for (const auto &edge : edges) {
        5:   13:		int u = edge[0];
        5:   14:		int v = edge[1];
        5:   15:		int wt = edge[2];
       10:   16:		adj[u].push_back({v, wt});
       15:   17:		adj[v].push_back({u, wt}); 
        -:   18:	}
        -:   19:	
        2:   20:	return adj;
    =====:   21:}
        -:   22:
        -:   23:// Returns shortest distances from src to all other vertices
        2:   24:vector<int> dijkstra(int V, vector<vector<int>> &edges, int src){
        -:   25:	
        -:   26:	// Create adjacency list
        2:   27:	vector<vector<vector<int>>> adj = constructAdj(edges, V);
        -:   28:
        -:   29:	// Create a priority queue to store vertices that
        -:   30:	// are being preprocessed.
        -:   31:	priority_queue<vector<int>, vector<vector<int>>, 
        2:   32:				greater<vector<int>>> pq;
        -:   33:
        -:   34:	// Create a vector for distances and initialize all
        -:   35:	// distances as infinite
        4:   36:	vector<int> dist(V, INT_MAX);
        -:   37:
        -:   38:	// Insert source itself in priority queue and initialize
        -:   39:	// its distance as 0.
        4:   40:	pq.push({0, src});
        2:   41:	dist[src] = 0;
        -:   42:
        -:   43:	// Looping till priority queue becomes empty (or all
        -:   44:	// distances are not finalized) 
        7:   45:	while (!pq.empty()){
        -:   46:		
        -:   47:		// The first vertex in pair is the minimum distance
        -:   48:		// vertex, extract it from priority queue.
        5:   49:		int u = pq.top()[1];
        5:   50:		pq.pop();
        -:   51:
        -:   52:		// Get all adjacent of u.
       17:   53:		for (auto x : adj[u]){
        -:   54:			
        -:   55:			// Get vertex label and weight of current
        -:   56:			// adjacent of u.
       12:   57:			int v = x[0];
       12:   58:			int weight = x[1];
        -:   59:
        -:   60:			// If there is shorter path to v through u.
       12:   61:			if (dist[v] > dist[u] + weight)
        -:   62:			{
        -:   63:				// Updating distance of v
        3:   64:				dist[v] = dist[u] + weight;
        9:   65:				pq.push({dist[v], v});
        -:   66:			}
       12:   67:		}
        -:   68:	}
        -:   69:
        4:   70:	return dist;
        2:   71:}
        -:   72:
        -:   73:// Driver program to test methods of graph class
       10:   74:int main(){
        -:   75:	int V;
       10:   76:	int src = 0;
        -:   77:
        -:   78:	// edge list format: {u, v, weight}
       10:   79:	vector<vector<int>> edges;
        -:   80:	
       10:   81:	std::cout << "Enter num of vertices:" << std::endl;
       10:   82:	if(!(std::cin >> V)){
        1:   83:		std::cerr << "ERROR: Not an integer number" << std::endl;
        1:   84:		exit(1);
        -:   85:	}
        9:   86:	if(V <= 0){
        2:   87:		std::cerr << "ERROR: Invalid number of vertices" << std::endl;
        2:   88:			exit(1);
        -:   89:	}
       13:   90:	for (int i = 0; i < V; i++)
        -:   91:	{
        -:   92:		int u,v,weight;
       11:   93:		std::cout << "Enter edges with the next syntax:\n <u v weight>:" << std::endl;
       11:   94:		if(!(std::cin >> u >> v >> weight)){
        1:   95:			std::cerr << "ERROR: Not an integer number" << std::endl;
        1:   96:			exit(1);
        -:   97:		}
       10:   98:		if(u <0 || u >=V || v < 0 || v >= V){
        3:   99:			std::cerr << "ERROR: Invalid vertices" << std::endl;
        3:  100:			exit(1);
        -:  101:		}
        7:  102:		if(weight < 0){
        1:  103:			std::cerr << "ERROR: Negative weight will not be tolerated" << std::endl;
        1:  104:			exit(1);
        -:  105:		}
       18:  106:		edges.push_back({u, v, weight});
        -:  107:	}
        -:  108:	
        2:  109:	vector<int> result = dijkstra(V, edges, src);
        -:  110:
        -:  111:	// Print shortest distances in one line
        7:  112:	for (int dist : result)
        5:  113:		cout << dist << " ";
        -:  114:
        2:  115:	return 0;
        2:  116:}
        -:  117:
